2025-01-06 17:45:10,049 - INFO - Execution of Main functions
2025-01-06 17:45:10,063 - WARNING -  * Debugger is active!
2025-01-06 17:45:10,066 - INFO -  * Debugger PIN: 136-427-618
2025-01-06 17:45:10,100 - INFO -  * Detected change in 'C:\\Users\\abhay\\anaconda3\\Lib\\site-packages\\scipy\\stats\\_multivariate.py', reloading
2025-01-06 17:45:10,121 - INFO -  * Detected change in 'C:\\Users\\abhay\\anaconda3\\Lib\\site-packages\\scipy\\stats\\_entropy.py', reloading
2025-01-06 17:45:10,146 - INFO -  * Detected change in 'C:\\Users\\abhay\\anaconda3\\Lib\\site-packages\\scipy\\stats\\_hypotests.py', reloading
2025-01-06 17:45:10,162 - INFO -  * Detected change in 'C:\\Users\\abhay\\anaconda3\\Lib\\site-packages\\scipy\\stats\\_sensitivity_analysis.py', reloading
2025-01-06 17:45:10,178 - INFO -  * Detected change in 'C:\\Users\\abhay\\anaconda3\\Lib\\site-packages\\scipy\\stats\\_survival.py', reloading
2025-01-06 17:45:10,187 - INFO -  * Detected change in 'C:\\Users\\abhay\\anaconda3\\Lib\\site-packages\\scipy\\version.py', reloading
2025-01-06 17:45:10,209 - INFO -  * Detected change in 'C:\\Users\\abhay\\anaconda3\\Lib\\site-packages\\scooby\\__init__.py', reloading
2025-01-06 17:45:10,219 - INFO -  * Detected change in 'C:\\Users\\abhay\\anaconda3\\Lib\\site-packages\\scooby\\knowledge.py', reloading
2025-01-06 17:45:10,230 - INFO -  * Detected change in 'C:\\Users\\abhay\\anaconda3\\Lib\\site-packages\\scooby\\report.py', reloading
2025-01-06 17:45:10,240 - INFO -  * Detected change in 'C:\\Users\\abhay\\anaconda3\\Lib\\site-packages\\scooby\\tracker.py', reloading
2025-01-06 17:45:10,249 - INFO -  * Detected change in 'C:\\Users\\abhay\\anaconda3\\Lib\\site-packages\\scrapy\\__init__.py', reloading
2025-01-06 17:45:10,268 - INFO -  * Detected change in 'C:\\Users\\abhay\\anaconda3\\Lib\\site-packages\\scrapy\\http\\__init__.py', reloading
2025-01-06 17:45:10,280 - INFO -  * Detected change in 'C:\\Users\\abhay\\anaconda3\\Lib\\site-packages\\scrapy\\http\\request\\form.py', reloading
2025-01-06 17:45:10,295 - INFO -  * Detected change in 'C:\\Users\\abhay\\anaconda3\\Lib\\site-packages\\scrapy\\http\\request\\__init__.py', reloading
2025-01-06 17:45:10,309 - INFO -  * Detected change in 'C:\\Users\\abhay\\anaconda3\\Lib\\site-packages\\scrapy\\item.py', reloading
2025-01-06 17:45:10,316 - INFO -  * Detected change in 'C:\\Users\\abhay\\anaconda3\\Lib\\site-packages\\scrapy\\selector\\__init__.py', reloading
2025-01-06 17:45:10,325 - INFO -  * Detected change in 'C:\\Users\\abhay\\anaconda3\\Lib\\site-packages\\scrapy\\selector\\unified.py', reloading
2025-01-06 17:45:10,334 - INFO -  * Detected change in 'C:\\Users\\abhay\\anaconda3\\Lib\\site-packages\\scrapy\\spiders\\__init__.py', reloading
2025-01-06 17:45:10,347 - INFO -  * Detected change in 'C:\\Users\\abhay\\anaconda3\\Lib\\site-packages\\semver\\__init__.py', reloading
2025-01-06 17:45:10,365 - INFO -  * Detected change in 'C:\\Users\\abhay\\anaconda3\\Lib\\site-packages\\semver\\_deprecated.py', reloading
2025-01-06 17:45:10,381 - INFO -  * Detected change in 'C:\\Users\\abhay\\anaconda3\\Lib\\site-packages\\semver\\version.py', reloading
2025-01-06 17:45:10,394 - INFO -  * Detected change in 'C:\\Users\\abhay\\anaconda3\\Lib\\site-packages\\semver\\__about__.py', reloading
2025-01-06 17:45:10,404 - INFO -  * Detected change in 'C:\\Users\\abhay\\anaconda3\\Lib\\site-packages\\service_identity\\__init__.py', reloading
2025-01-06 17:45:10,418 - INFO -  * Detected change in 'C:\\Users\\abhay\\anaconda3\\Lib\\site-packages\\service_identity\\exceptions.py', reloading
2025-01-06 17:45:10,427 - INFO -  * Detected change in 'C:\\Users\\abhay\\anaconda3\\Lib\\site-packages\\sipbuild\\__init__.py', reloading
2025-01-06 17:45:10,434 - INFO -  * Detected change in 'C:\\Users\\abhay\\anaconda3\\Lib\\site-packages\\slugify\\__init__.py', reloading
2025-01-06 17:45:10,447 - INFO -  * Detected change in 'C:\\Users\\abhay\\anaconda3\\Lib\\site-packages\\smart_open\\__init__.py', reloading
2025-01-06 17:45:10,463 - INFO -  * Detected change in 'C:\\Users\\abhay\\anaconda3\\Lib\\site-packages\\smart_open\\smart_open_lib.py', reloading
2025-01-06 17:45:10,479 - INFO -  * Detected change in 'C:\\Users\\abhay\\anaconda3\\Lib\\site-packages\\smart_open\\compression.py', reloading
2025-01-06 17:45:10,488 - INFO -  * Detected change in 'C:\\Users\\abhay\\anaconda3\\Lib\\site-packages\\smmap\\__init__.py', reloading
2025-01-06 17:45:10,495 - INFO -  * Detected change in 'C:\\Users\\abhay\\anaconda3\\Lib\\site-packages\\sniffio\\__init__.py', reloading
2025-01-06 17:45:10,507 - INFO -  * Detected change in 'C:\\Users\\abhay\\anaconda3\\Lib\\site-packages\\sniffio\\_impl.py', reloading
2025-01-06 17:45:10,516 - INFO -  * Detected change in 'C:\\Users\\abhay\\anaconda3\\Lib\\site-packages\\snowballstemmer\\__init__.py', reloading
2025-01-06 17:45:10,531 - INFO -  * Detected change in 'C:\\Users\\abhay\\anaconda3\\Lib\\site-packages\\sortedcontainers\\__init__.py', reloading
2025-01-06 17:45:10,545 - INFO -  * Detected change in 'C:\\Users\\abhay\\anaconda3\\Lib\\site-packages\\sortedcontainers\\sortedlist.py', reloading
2025-01-06 17:45:10,559 - INFO -  * Detected change in 'C:\\Users\\abhay\\anaconda3\\Lib\\site-packages\\sortedcontainers\\sortedset.py', reloading
2025-01-06 17:45:10,571 - INFO -  * Detected change in 'C:\\Users\\abhay\\anaconda3\\Lib\\site-packages\\sortedcontainers\\sorteddict.py', reloading
2025-01-06 17:45:10,582 - INFO -  * Detected change in 'C:\\Users\\abhay\\anaconda3\\Lib\\site-packages\\soupsieve\\__init__.py', reloading
2025-01-06 17:45:10,594 - INFO -  * Detected change in 'C:\\Users\\abhay\\anaconda3\\Lib\\site-packages\\soupsieve\\util.py', reloading
2025-01-06 17:45:10,602 - INFO -  * Detected change in 'C:\\Users\\abhay\\anaconda3\\Lib\\site-packages\\sphinx\\__init__.py', reloading
2025-01-06 17:45:10,615 - INFO -  * Detected change in 'C:\\Users\\abhay\\anaconda3\\Lib\\site-packages\\spyder\\__init__.py', reloading
2025-01-06 17:45:10,622 - INFO -  * Detected change in 'C:\\Users\\abhay\\anaconda3\\Lib\\site-packages\\spyder_kernels\\__init__.py', reloading
2025-01-06 17:45:10,632 - INFO -  * Detected change in 'C:\\Users\\abhay\\anaconda3\\Lib\\site-packages\\sqlalchemy\\__init__.py', reloading
2025-01-06 17:45:10,648 - INFO -  * Detected change in 'C:\\Users\\abhay\\anaconda3\\Lib\\site-packages\\sqlalchemy\\engine\\__init__.py', reloading
2025-01-06 17:45:10,665 - INFO -  * Detected change in 'C:\\Users\\abhay\\anaconda3\\Lib\\site-packages\\sqlalchemy\\engine\\interfaces.py', reloading
2025-01-06 17:45:10,682 - INFO -  * Detected change in 'C:\\Users\\abhay\\anaconda3\\Lib\\site-packages\\sqlalchemy\\engine\\row.py', reloading
2025-01-06 17:45:10,693 - INFO -  * Detected change in 'C:\\Users\\abhay\\anaconda3\\Lib\\site-packages\\sqlalchemy\\engine\\_py_row.py', reloading
2025-01-06 17:45:10,706 - INFO -  * Detected change in 'C:\\Users\\abhay\\anaconda3\\Lib\\site-packages\\sqlalchemy\\engine\\result.py', reloading
2025-01-06 17:45:10,729 - INFO -  * Detected change in 'C:\\Users\\abhay\\anaconda3\\Lib\\site-packages\\sqlalchemy\\sql\\compiler.py', reloading
2025-01-06 17:45:10,758 - INFO -  * Detected change in 'C:\\Users\\abhay\\anaconda3\\Lib\\site-packages\\sqlalchemy\\engine\\base.py', reloading
2025-01-06 17:45:10,776 - INFO -  * Detected change in 'C:\\Users\\abhay\\anaconda3\\Lib\\site-packages\\sqlalchemy\\engine\\create.py', reloading
2025-01-06 17:45:10,792 - INFO -  * Detected change in 'C:\\Users\\abhay\\anaconda3\\Lib\\site-packages\\sqlalchemy\\engine\\mock.py', reloading
2025-01-06 17:45:10,811 - INFO -  * Detected change in 'C:\\Users\\abhay\\anaconda3\\Lib\\site-packages\\sqlalchemy\\engine\\cursor.py', reloading
2025-01-06 17:45:10,834 - INFO -  * Detected change in 'C:\\Users\\abhay\\anaconda3\\Lib\\site-packages\\sqlalchemy\\engine\\reflection.py', reloading
2025-01-06 17:45:10,857 - INFO -  * Detected change in 'C:\\Users\\abhay\\anaconda3\\Lib\\site-packages\\sqlalchemy\\engine\\url.py', reloading
2025-01-06 17:45:10,876 - INFO -  * Detected change in 'C:\\Users\\abhay\\anaconda3\\Lib\\site-packages\\sqlalchemy\\inspection.py', reloading
2025-01-06 17:45:10,888 - INFO -  * Detected change in 'C:\\Users\\abhay\\anaconda3\\Lib\\site-packages\\sqlalchemy\\pool\\__init__.py', reloading
2025-01-06 17:45:10,900 - INFO -  * Detected change in 'C:\\Users\\abhay\\anaconda3\\Lib\\site-packages\\sqlalchemy\\pool\\impl.py', reloading
2025-01-06 17:45:10,916 - INFO -  * Detected change in 'C:\\Users\\abhay\\anaconda3\\Lib\\site-packages\\sqlalchemy\\pool\\base.py', reloading
2025-01-06 17:45:10,933 - INFO -  * Detected change in 'C:\\Users\\abhay\\anaconda3\\Lib\\site-packages\\sqlalchemy\\schema.py', reloading
2025-01-06 17:45:10,949 - INFO -  * Detected change in 'C:\\Users\\abhay\\anaconda3\\Lib\\site-packages\\sqlalchemy\\sql\\ddl.py', reloading
2025-01-06 17:45:10,974 - INFO -  * Detected change in 'C:\\Users\\abhay\\anaconda3\\Lib\\site-packages\\sqlalchemy\\sql\\schema.py', reloading
2025-01-06 17:45:10,990 - INFO -  * Detected change in 'C:\\Users\\abhay\\anaconda3\\Lib\\site-packages\\sqlalchemy\\sql\\__init__.py', reloading
2025-01-06 17:45:11,000 - INFO -  * Detected change in 'C:\\Users\\abhay\\anaconda3\\Lib\\site-packages\\sqlalchemy\\sql\\_typing.py', reloading
2025-01-06 17:45:11,015 - INFO -  * Detected change in 'C:\\Users\\abhay\\anaconda3\\Lib\\site-packages\\sqlalchemy\\sql\\expression.py', reloading
2025-01-06 17:45:11,028 - INFO -  * Detected change in 'C:\\Users\\abhay\\anaconda3\\Lib\\site-packages\\sqlalchemy\\sql\\selectable.py', reloading
2025-01-06 17:45:11,050 - INFO -  * Detected change in 'C:\\Users\\abhay\\anaconda3\\Lib\\site-packages\\sqlalchemy\\sql\\_selectable_constructors.py', reloading
2025-01-06 17:45:11,068 - INFO -  * Detected change in 'C:\\Users\\abhay\\anaconda3\\Lib\\site-packages\\sqlalchemy\\sql\\_elements_constructors.py', reloading
2025-01-06 17:45:11,086 - INFO -  * Detected change in 'C:\\Users\\abhay\\anaconda3\\Lib\\site-packages\\sqlalchemy\\sql\\elements.py', reloading
