2025-01-06 17:45:06,221 - INFO - Execution of Main functions
2025-01-06 17:45:06,239 - WARNING -  * Debugger is active!
2025-01-06 17:45:06,245 - INFO -  * Debugger PIN: 136-427-618
2025-01-06 17:45:06,278 - INFO -  * Detected change in 'C:\\Users\\abhay\\anaconda3\\Lib\\site-packages\\pyparsing\\__init__.py', reloading
2025-01-06 17:45:06,295 - INFO -  * Detected change in 'C:\\Users\\abhay\\anaconda3\\Lib\\site-packages\\pyparsing\\util.py', reloading
2025-01-06 17:45:06,307 - INFO -  * Detected change in 'C:\\Users\\abhay\\anaconda3\\Lib\\site-packages\\pyparsing\\exceptions.py', reloading
2025-01-06 17:45:06,318 - INFO -  * Detected change in 'C:\\Users\\abhay\\anaconda3\\Lib\\site-packages\\pyparsing\\actions.py', reloading
2025-01-06 17:45:06,330 - INFO -  * Detected change in 'C:\\Users\\abhay\\anaconda3\\Lib\\site-packages\\pyparsing\\results.py', reloading
2025-01-06 17:45:06,374 - INFO -  * Detected change in 'C:\\Users\\abhay\\anaconda3\\Lib\\site-packages\\pyparsing\\helpers.py', reloading
2025-01-06 17:45:06,389 - INFO -  * Detected change in 'C:\\Users\\abhay\\anaconda3\\Lib\\site-packages\\pyparsing\\unicode.py', reloading
2025-01-06 17:45:06,461 - INFO -  * Detected change in 'C:\\Users\\abhay\\anaconda3\\Lib\\site-packages\\PyQt5\\__init__.py', reloading
2025-01-06 17:45:06,472 - INFO -  * Detected change in 'C:\\Users\\abhay\\anaconda3\\Lib\\site-packages\\pytest\\__init__.py', reloading
2025-01-06 17:45:06,495 - INFO -  * Detected change in 'C:\\Users\\abhay\\anaconda3\\Lib\\site-packages\\_pytest\\__init__.py', reloading
2025-01-06 17:45:06,502 - INFO -  * Detected change in 'C:\\Users\\abhay\\anaconda3\\Lib\\site-packages\\_pytest\\_version.py', reloading
2025-01-06 17:45:06,510 - INFO -  * Detected change in 'C:\\Users\\abhay\\anaconda3\\Lib\\site-packages\\_pytest\\_code\\__init__.py', reloading
2025-01-06 17:45:06,522 - INFO -  * Detected change in 'C:\\Users\\abhay\\anaconda3\\Lib\\site-packages\\_pytest\\_code\\code.py', reloading
2025-01-06 17:45:06,535 - INFO -  * Detected change in 'C:\\Users\\abhay\\anaconda3\\Lib\\site-packages\\_pytest\\assertion\\__init__.py', reloading
2025-01-06 17:45:06,552 - INFO -  * Detected change in 'C:\\Users\\abhay\\anaconda3\\Lib\\site-packages\\_pytest\\cacheprovider.py', reloading
2025-01-06 17:45:06,567 - INFO -  * Detected change in 'C:\\Users\\abhay\\anaconda3\\Lib\\site-packages\\_pytest\\capture.py', reloading
2025-01-06 17:45:06,585 - INFO -  * Detected change in 'C:\\Users\\abhay\\anaconda3\\Lib\\site-packages\\_pytest\\config\\__init__.py', reloading
2025-01-06 17:45:06,605 - INFO -  * Detected change in 'C:\\Users\\abhay\\anaconda3\\Lib\\site-packages\\_pytest\\config\\exceptions.py', reloading
2025-01-06 17:45:06,619 - INFO -  * Detected change in 'C:\\Users\\abhay\\anaconda3\\Lib\\site-packages\\_pytest\\config\\argparsing.py', reloading
2025-01-06 17:45:06,643 - INFO -  * Detected change in 'C:\\Users\\abhay\\anaconda3\\Lib\\site-packages\\_pytest\\doctest.py', reloading
2025-01-06 17:45:06,667 - INFO -  * Detected change in 'C:\\Users\\abhay\\anaconda3\\Lib\\site-packages\\_pytest\\fixtures.py', reloading
2025-01-06 17:45:06,683 - INFO -  * Detected change in 'C:\\Users\\abhay\\anaconda3\\Lib\\site-packages\\_pytest\\freeze_support.py', reloading
2025-01-06 17:45:06,695 - INFO -  * Detected change in 'C:\\Users\\abhay\\anaconda3\\Lib\\site-packages\\_pytest\\legacypath.py', reloading
2025-01-06 17:45:06,712 - INFO -  * Detected change in 'C:\\Users\\abhay\\anaconda3\\Lib\\site-packages\\_pytest\\logging.py', reloading
2025-01-06 17:45:06,724 - INFO -  * Detected change in 'C:\\Users\\abhay\\anaconda3\\Lib\\site-packages\\_pytest\\main.py', reloading
2025-01-06 17:45:06,739 - INFO -  * Detected change in 'C:\\Users\\abhay\\anaconda3\\Lib\\site-packages\\_pytest\\mark\\__init__.py', reloading
2025-01-06 17:45:06,750 - INFO -  * Detected change in 'C:\\Users\\abhay\\anaconda3\\Lib\\site-packages\\_pytest\\mark\\structures.py', reloading
2025-01-06 17:45:06,764 - INFO -  * Detected change in 'C:\\Users\\abhay\\anaconda3\\Lib\\site-packages\\_pytest\\monkeypatch.py', reloading
2025-01-06 17:45:06,775 - INFO -  * Detected change in 'C:\\Users\\abhay\\anaconda3\\Lib\\site-packages\\_pytest\\nodes.py', reloading
2025-01-06 17:45:06,790 - INFO -  * Detected change in 'C:\\Users\\abhay\\anaconda3\\Lib\\site-packages\\_pytest\\outcomes.py', reloading
2025-01-06 17:45:06,802 - INFO -  * Detected change in 'C:\\Users\\abhay\\anaconda3\\Lib\\site-packages\\_pytest\\pytester.py', reloading
2025-01-06 17:45:06,822 - INFO -  * Detected change in 'C:\\Users\\abhay\\anaconda3\\Lib\\site-packages\\_pytest\\python.py', reloading
2025-01-06 17:45:06,838 - INFO -  * Detected change in 'C:\\Users\\abhay\\anaconda3\\Lib\\site-packages\\_pytest\\python_api.py', reloading
2025-01-06 17:45:06,852 - INFO -  * Detected change in 'C:\\Users\\abhay\\anaconda3\\Lib\\site-packages\\_pytest\\recwarn.py', reloading
2025-01-06 17:45:06,862 - INFO -  * Detected change in 'C:\\Users\\abhay\\anaconda3\\Lib\\site-packages\\_pytest\\reports.py', reloading
2025-01-06 17:45:06,875 - INFO -  * Detected change in 'C:\\Users\\abhay\\anaconda3\\Lib\\site-packages\\_pytest\\runner.py', reloading
2025-01-06 17:45:06,888 - INFO -  * Detected change in 'C:\\Users\\abhay\\anaconda3\\Lib\\site-packages\\_pytest\\stash.py', reloading
2025-01-06 17:45:06,900 - INFO -  * Detected change in 'C:\\Users\\abhay\\anaconda3\\Lib\\site-packages\\_pytest\\terminal.py', reloading
2025-01-06 17:45:06,913 - INFO -  * Detected change in 'C:\\Users\\abhay\\anaconda3\\Lib\\site-packages\\_pytest\\tmpdir.py', reloading
2025-01-06 17:45:06,926 - INFO -  * Detected change in 'C:\\Users\\abhay\\anaconda3\\Lib\\site-packages\\_pytest\\warning_types.py', reloading
2025-01-06 17:45:06,935 - INFO -  * Detected change in 'C:\\Users\\abhay\\anaconda3\\Lib\\site-packages\\pytoolconfig\\__init__.py', reloading
2025-01-06 17:45:06,950 - INFO -  * Detected change in 'C:\\Users\\abhay\\anaconda3\\Lib\\site-packages\\pytoolconfig\\fields.py', reloading
2025-01-06 17:45:06,959 - INFO -  * Detected change in 'C:\\Users\\abhay\\anaconda3\\Lib\\site-packages\\pytoolconfig\\pytoolconfig.py', reloading
2025-01-06 17:45:06,969 - INFO -  * Detected change in 'C:\\Users\\abhay\\anaconda3\\Lib\\site-packages\\pytoolconfig\\types.py', reloading
2025-01-06 17:45:07,001 - INFO -  * Detected change in 'C:\\Users\\abhay\\anaconda3\\Lib\\site-packages\\pyvista\\core\\cell.py', reloading
2025-01-06 17:45:07,012 - INFO -  * Detected change in 'C:\\Users\\abhay\\anaconda3\\Lib\\site-packages\\pyvista\\core\\celltype.py', reloading
2025-01-06 17:45:07,057 - INFO -  * Detected change in 'C:\\Users\\abhay\\anaconda3\\Lib\\site-packages\\pyvista\\core\\filters\\image_data.py', reloading
2025-01-06 17:45:07,076 - INFO -  * Detected change in 'C:\\Users\\abhay\\anaconda3\\Lib\\site-packages\\pyvista\\core\\objects.py', reloading
2025-01-06 17:45:07,087 - INFO -  * Detected change in 'C:\\Users\\abhay\\anaconda3\\Lib\\site-packages\\pyvista\\core\\partitioned.py', reloading
2025-01-06 17:45:07,121 - INFO -  * Detected change in 'C:\\Users\\abhay\\anaconda3\\Lib\\site-packages\\pyvista\\core\\utilities\\features.py', reloading
2025-01-06 17:45:07,142 - INFO -  * Detected change in 'C:\\Users\\abhay\\anaconda3\\Lib\\site-packages\\pyvista\\core\\utilities\\image_sources.py', reloading
2025-01-06 17:45:07,167 - INFO -  * Detected change in 'C:\\Users\\abhay\\anaconda3\\Lib\\site-packages\\pyvista\\core\\utilities\\parametric_objects.py', reloading
2025-01-06 17:45:07,180 - INFO -  * Detected change in 'C:\\Users\\abhay\\anaconda3\\Lib\\site-packages\\pyvista\\core\\utilities\\points.py', reloading
2025-01-06 17:45:07,198 - INFO -  * Detected change in 'C:\\Users\\abhay\\anaconda3\\Lib\\site-packages\\pyvista\\plotting\\_property.py', reloading
2025-01-06 17:45:07,208 - INFO -  * Detected change in 'C:\\Users\\abhay\\anaconda3\\Lib\\site-packages\\pyvista\\plotting\\_typing.py', reloading
2025-01-06 17:45:07,221 - INFO -  * Detected change in 'C:\\Users\\abhay\\anaconda3\\Lib\\site-packages\\pyvista\\plotting\\actor_properties.py', reloading
2025-01-06 17:45:07,232 - INFO -  * Detected change in 'C:\\Users\\abhay\\anaconda3\\Lib\\site-packages\\pyvista\\plotting\\axes.py', reloading
2025-01-06 17:45:07,245 - INFO -  * Detected change in 'C:\\Users\\abhay\\anaconda3\\Lib\\site-packages\\pyvista\\plotting\\axes_actor.py', reloading
2025-01-06 17:45:07,259 - INFO -  * Detected change in 'C:\\Users\\abhay\\anaconda3\\Lib\\site-packages\\pyvista\\plotting\\axes_assembly.py', reloading
