2025-01-06 17:44:58,653 - INFO - Execution of Main functions
2025-01-06 17:44:58,670 - WARNING -  * Debugger is active!
2025-01-06 17:44:58,676 - INFO -  * Debugger PIN: 136-427-618
2025-01-06 17:44:58,719 - INFO -  * Detected change in 'C:\\Users\\abhay\\anaconda3\\Lib\\site-packages\\distributed\\utils.py', reloading
2025-01-06 17:44:58,746 - INFO -  * Detected change in 'C:\\Users\\abhay\\anaconda3\\Lib\\site-packages\\scipy\\__init__.py', reloading
2025-01-06 17:44:58,765 - INFO -  * Detected change in 'C:\\Users\\abhay\\anaconda3\\Lib\\site-packages\\scipy\\sparse\\__init__.py', reloading
2025-01-06 17:44:58,784 - INFO -  * Detected change in 'C:\\Users\\abhay\\anaconda3\\Lib\\site-packages\\scipy\\sparse\\_base.py', reloading
2025-01-06 17:44:58,788 - INFO -  * Detected change in 'C:\\Users\\abhay\\anaconda3\\Lib\\site-packages\\distributed\\variable.py', reloading
2025-01-06 17:44:58,803 - INFO -  * Detected change in 'C:\\Users\\abhay\\anaconda3\\Lib\\site-packages\\scipy\\sparse\\_csr.py', reloading
2025-01-06 17:44:58,806 - INFO -  * Detected change in 'C:\\Users\\abhay\\anaconda3\\Lib\\site-packages\\distributed\\worker.py', reloading
2025-01-06 17:44:58,816 - INFO -  * Detected change in 'C:\\Users\\abhay\\anaconda3\\Lib\\site-packages\\scipy\\sparse\\_csc.py', reloading
2025-01-06 17:44:58,826 - INFO -  * Detected change in 'C:\\Users\\abhay\\anaconda3\\Lib\\site-packages\\distributed\\exceptions.py', reloading
2025-01-06 17:44:58,829 - INFO -  * Detected change in 'C:\\Users\\abhay\\anaconda3\\Lib\\site-packages\\scipy\\sparse\\_lil.py', reloading
2025-01-06 17:44:58,836 - INFO -  * Detected change in 'C:\\Users\\abhay\\anaconda3\\Lib\\site-packages\\distributed\\worker_client.py', reloading
2025-01-06 17:44:58,843 - INFO -  * Detected change in 'C:\\Users\\abhay\\anaconda3\\Lib\\site-packages\\distro\\__init__.py', reloading
2025-01-06 17:44:58,844 - INFO -  * Detected change in 'C:\\Users\\abhay\\anaconda3\\Lib\\site-packages\\scipy\\sparse\\_dok.py', reloading
2025-01-06 17:44:58,858 - INFO -  * Detected change in 'C:\\Users\\abhay\\anaconda3\\Lib\\site-packages\\distro\\distro.py', reloading
2025-01-06 17:44:58,862 - INFO -  * Detected change in 'C:\\Users\\abhay\\anaconda3\\Lib\\site-packages\\scipy\\sparse\\_coo.py', reloading
2025-01-06 17:44:58,869 - INFO -  * Detected change in 'C:\\Users\\abhay\\anaconda3\\Lib\\site-packages\\docstring_to_markdown\\__init__.py', reloading
2025-01-06 17:44:58,877 - INFO -  * Detected change in 'C:\\Users\\abhay\\anaconda3\\Lib\\site-packages\\scipy\\sparse\\_dia.py', reloading
2025-01-06 17:44:58,879 - INFO -  * Detected change in 'C:\\Users\\abhay\\anaconda3\\Lib\\site-packages\\dotenv\\__init__.py', reloading
2025-01-06 17:44:58,890 - INFO -  * Detected change in 'C:\\Users\\abhay\\anaconda3\\Lib\\site-packages\\dotenv\\main.py', reloading
2025-01-06 17:44:58,893 - INFO -  * Detected change in 'C:\\Users\\abhay\\anaconda3\\Lib\\site-packages\\scipy\\sparse\\_bsr.py', reloading
2025-01-06 17:44:58,898 - INFO -  * Detected change in 'C:\\Users\\abhay\\anaconda3\\Lib\\site-packages\\erfa\\__init__.py', reloading
2025-01-06 17:44:58,907 - INFO -  * Detected change in 'C:\\Users\\abhay\\anaconda3\\Lib\\site-packages\\et_xmlfile\\__init__.py', reloading
2025-01-06 17:44:58,914 - INFO -  * Detected change in 'C:\\Users\\abhay\\anaconda3\\Lib\\site-packages\\scipy\\sparse\\_construct.py', reloading
2025-01-06 17:44:58,916 - INFO -  * Detected change in 'C:\\Users\\abhay\\anaconda3\\Lib\\site-packages\\executing\\__init__.py', reloading
2025-01-06 17:44:58,934 - INFO -  * Detected change in 'C:\\Users\\abhay\\anaconda3\\Lib\\site-packages\\scipy\\sparse\\_extract.py', reloading
2025-01-06 17:44:58,934 - INFO -  * Detected change in 'C:\\Users\\abhay\\anaconda3\\Lib\\site-packages\\executing\\executing.py', reloading
2025-01-06 17:44:58,943 - INFO -  * Detected change in 'C:\\Users\\abhay\\anaconda3\\Lib\\site-packages\\scipy\\sparse\\_matrix_io.py', reloading
2025-01-06 17:44:58,957 - INFO -  * Detected change in 'C:\\Users\\abhay\\anaconda3\\Lib\\site-packages\\fastjsonschema\\__init__.py', reloading
2025-01-06 17:44:58,968 - INFO -  * Detected change in 'C:\\Users\\abhay\\anaconda3\\Lib\\site-packages\\fastjsonschema\\exceptions.py', reloading
2025-01-06 17:44:58,974 - INFO -  * Detected change in 'C:\\Users\\abhay\\anaconda3\\Lib\\site-packages\\fastjsonschema\\version.py', reloading
2025-01-06 17:44:58,984 - INFO -  * Detected change in 'C:\\Users\\abhay\\anaconda3\\Lib\\site-packages\\filelock\\__init__.py', reloading
2025-01-06 17:44:59,003 - INFO -  * Detected change in 'C:\\Users\\abhay\\anaconda3\\Lib\\site-packages\\filelock\\_api.py', reloading
2025-01-06 17:44:59,014 - INFO -  * Detected change in 'C:\\Users\\abhay\\anaconda3\\Lib\\site-packages\\filelock\\_error.py', reloading
2025-01-06 17:44:59,026 - INFO -  * Detected change in 'C:\\Users\\abhay\\anaconda3\\Lib\\site-packages\\filelock\\_soft.py', reloading
2025-01-06 17:44:59,037 - INFO -  * Detected change in 'C:\\Users\\abhay\\anaconda3\\Lib\\site-packages\\filelock\\_unix.py', reloading
2025-01-06 17:44:59,051 - INFO -  * Detected change in 'C:\\Users\\abhay\\anaconda3\\Lib\\site-packages\\filelock\\_windows.py', reloading
2025-01-06 17:44:59,071 - INFO -  * Detected change in 'C:\\Users\\abhay\\anaconda3\\Lib\\site-packages\\flask\\blueprints.py', reloading
2025-01-06 17:44:59,085 - INFO -  * Detected change in 'C:\\Users\\abhay\\anaconda3\\Lib\\site-packages\\flask\\sansio\\blueprints.py', reloading
2025-01-06 17:44:59,102 - INFO -  * Detected change in 'C:\\Users\\abhay\\anaconda3\\Lib\\site-packages\\flask\\cli.py', reloading
2025-01-06 17:44:59,124 - INFO -  * Detected change in 'C:\\Users\\abhay\\anaconda3\\Lib\\site-packages\\flask\\config.py', reloading
2025-01-06 17:44:59,139 - INFO -  * Detected change in 'C:\\Users\\abhay\\anaconda3\\Lib\\site-packages\\flask\\ctx.py', reloading
2025-01-06 17:44:59,146 - INFO -  * Detected change in 'C:\\Users\\abhay\\anaconda3\\Lib\\site-packages\\flask\\typing.py', reloading
2025-01-06 17:44:59,151 - INFO -  * Detected change in 'C:\\Users\\abhay\\anaconda3\\Lib\\site-packages\\flask\\debughelpers.py', reloading
2025-01-06 17:44:59,160 - INFO -  * Detected change in 'C:\\Users\\abhay\\anaconda3\\Lib\\site-packages\\werkzeug\\datastructures\\__init__.py', reloading
2025-01-06 17:44:59,175 - INFO -  * Detected change in 'C:\\Users\\abhay\\anaconda3\\Lib\\site-packages\\flask\\helpers.py', reloading
2025-01-06 17:44:59,188 - INFO -  * Detected change in 'C:\\Users\\abhay\\anaconda3\\Lib\\site-packages\\flask\\logging.py', reloading
2025-01-06 17:44:59,199 - INFO -  * Detected change in 'C:\\Users\\abhay\\anaconda3\\Lib\\site-packages\\flask\\sessions.py', reloading
2025-01-06 17:44:59,211 - INFO -  * Detected change in 'C:\\Users\\abhay\\anaconda3\\Lib\\site-packages\\flask\\signals.py', reloading
2025-01-06 17:44:59,222 - INFO -  * Detected change in 'C:\\Users\\abhay\\anaconda3\\Lib\\site-packages\\flask\\templating.py', reloading
2025-01-06 17:44:59,223 - INFO -  * Detected change in 'C:\\Users\\abhay\\anaconda3\\Lib\\re\\__init__.py', reloading
2025-01-06 17:44:59,236 - INFO -  * Detected change in 'C:\\Users\\abhay\\anaconda3\\Lib\\site-packages\\flask\\testing.py', reloading
2025-01-06 17:44:59,245 - INFO -  * Detected change in 'C:\\Users\\abhay\\anaconda3\\Lib\\difflib.py', reloading
2025-01-06 17:44:59,254 - INFO -  * Detected change in 'C:\\Users\\abhay\\anaconda3\\Lib\\site-packages\\flask\\views.py', reloading
2025-01-06 17:44:59,261 - INFO -  * Detected change in 'C:\\Users\\abhay\\anaconda3\\Lib\\site-packages\\mysql\\connector\\__init__.py', reloading
2025-01-06 17:44:59,264 - INFO -  * Detected change in 'C:\\Users\\abhay\\anaconda3\\Lib\\site-packages\\flask\\__main__.py', reloading
2025-01-06 17:44:59,275 - INFO -  * Detected change in 'C:\\Users\\abhay\\anaconda3\\Lib\\site-packages\\fontTools\\__init__.py', reloading
2025-01-06 17:44:59,293 - INFO -  * Detected change in 'C:\\Users\\abhay\\anaconda3\\Lib\\site-packages\\fontTools\\misc\\loggingTools.py', reloading
2025-01-06 17:44:59,307 - INFO -  * Detected change in 'C:\\Users\\abhay\\anaconda3\\Lib\\site-packages\\mysql\\connector\\pooling.py', reloading
2025-01-06 17:44:59,322 - INFO -  * Detected change in 'C:\\Users\\abhay\\anaconda3\\Lib\\site-packages\\fsspec\\__init__.py', reloading
2025-01-06 17:44:59,326 - INFO -  * Detected change in 'C:\\Users\\abhay\\anaconda3\\Lib\\site-packages\\mysql\\connector\\abstracts.py', reloading
2025-01-06 17:44:59,336 - INFO -  * Detected change in 'C:\\Users\\abhay\\anaconda3\\Lib\\site-packages\\fsspec\\callbacks.py', reloading
2025-01-06 17:44:59,348 - INFO -  * Detected change in 'C:\\Users\\abhay\\anaconda3\\Lib\\site-packages\\fsspec\\compression.py', reloading
2025-01-06 17:44:59,375 - INFO -  * Detected change in 'C:\\Users\\abhay\\anaconda3\\Lib\\site-packages\\fsspec\\core.py', reloading
2025-01-06 17:44:59,388 - INFO -  * Detected change in 'C:\\Users\\abhay\\anaconda3\\Lib\\site-packages\\mysql\\connector\\types.py', reloading
2025-01-06 17:44:59,392 - INFO -  * Detected change in 'C:\\Users\\abhay\\anaconda3\\Lib\\site-packages\\fsspec\\exceptions.py', reloading
2025-01-06 17:44:59,405 - INFO -  * Detected change in 'C:\\Users\\abhay\\anaconda3\\Lib\\site-packages\\fsspec\\mapping.py', reloading
2025-01-06 17:44:59,422 - INFO -  * Detected change in 'C:\\Users\\abhay\\anaconda3\\Lib\\site-packages\\fsspec\\registry.py', reloading
2025-01-06 17:44:59,439 - INFO -  * Detected change in 'C:\\Users\\abhay\\anaconda3\\Lib\\site-packages\\fsspec\\spec.py', reloading
2025-01-06 17:44:59,455 - INFO -  * Detected change in 'C:\\Users\\abhay\\anaconda3\\Lib\\site-packages\\gensim\\__init__.py', reloading
2025-01-06 17:44:59,466 - INFO -  * Detected change in 'C:\\Users\\abhay\\anaconda3\\Lib\\site-packages\\git\\__init__.py', reloading
2025-01-06 17:44:59,467 - INFO -  * Detected change in 'C:\\Users\\abhay\\anaconda3\\Lib\\site-packages\\mysql\\connector\\errors.py', reloading
2025-01-06 17:44:59,493 - INFO -  * Detected change in 'C:\\Users\\abhay\\anaconda3\\Lib\\site-packages\\gitdb\\util.py', reloading
2025-01-06 17:44:59,508 - INFO -  * Detected change in 'C:\\Users\\abhay\\anaconda3\\Lib\\site-packages\\git\\exc.py', reloading
2025-01-06 17:44:59,520 - INFO -  * Detected change in 'C:\\Users\\abhay\\anaconda3\\Lib\\site-packages\\gitdb\\exc.py', reloading
2025-01-06 17:44:59,534 - INFO -  * Detected change in 'C:\\Users\\abhay\\anaconda3\\Lib\\site-packages\\git\\types.py', reloading
2025-01-06 17:44:59,545 - INFO -  * Detected change in 'C:\\Users\\abhay\\anaconda3\\Lib\\site-packages\\git\\compat.py', reloading
2025-01-06 17:44:59,561 - INFO -  * Detected change in 'C:\\Users\\abhay\\anaconda3\\Lib\\site-packages\\git\\config.py', reloading
2025-01-06 17:44:59,574 - INFO -  * Detected change in 'C:\\Users\\abhay\\anaconda3\\Lib\\site-packages\\git\\objects\\__init__.py', reloading
2025-01-06 17:44:59,588 - INFO -  * Detected change in 'C:\\Users\\abhay\\anaconda3\\Lib\\site-packages\\git\\objects\\blob.py', reloading
2025-01-06 17:44:59,603 - INFO -  * Detected change in 'C:\\Users\\abhay\\anaconda3\\Lib\\site-packages\\git\\objects\\commit.py', reloading
2025-01-06 17:44:59,619 - INFO -  * Detected change in 'C:\\Users\\abhay\\anaconda3\\Lib\\site-packages\\git\\objects\\base.py', reloading
2025-01-06 17:44:59,629 - INFO -  * Detected change in 'C:\\Users\\abhay\\anaconda3\\Lib\\site-packages\\git\\objects\\submodule\\__init__.py', reloading
2025-01-06 17:44:59,641 - INFO -  * Detected change in 'C:\\Users\\abhay\\anaconda3\\Lib\\site-packages\\git\\objects\\submodule\\root.py', reloading
2025-01-06 17:44:59,657 - INFO -  * Detected change in 'C:\\Users\\abhay\\anaconda3\\Lib\\site-packages\\git\\objects\\submodule\\base.py', reloading
2025-01-06 17:44:59,672 - INFO -  * Detected change in 'C:\\Users\\abhay\\anaconda3\\Lib\\site-packages\\git\\objects\\tag.py', reloading
2025-01-06 17:44:59,685 - INFO -  * Detected change in 'C:\\Users\\abhay\\anaconda3\\Lib\\site-packages\\git\\objects\\tree.py', reloading
2025-01-06 17:44:59,696 - INFO -  * Detected change in 'C:\\Users\\abhay\\anaconda3\\Lib\\site-packages\\git\\refs\\__init__.py', reloading
2025-01-06 17:44:59,703 - INFO -  * Detected change in 'C:\\Users\\abhay\\anaconda3\\Lib\\site-packages\\werkzeug\\utils.py', reloading
