2025-01-20 16:24:45,479 - INFO - Execution of Main functions
2025-01-20 16:24:48,202 - INFO - Reading and remeshing the saddle scan file
2025-01-20 16:25:00,654 - INFO - Perform Preprocessing of Saddle Mesh
2025-01-20 16:25:08,807 - INFO - Compute Number of points of Saddle Mesh
2025-01-20 16:25:08,810 - INFO - Perform Remeshing of Saddle Mesh by computed number of points automatically
2025-01-20 16:25:11,022 - INFO - Generating mesh from clusters
2025-01-20 16:25:42,213 - INFO - Completed with Remeshing of Saddle
2025-01-20 16:25:42,235 - INFO - Perform Manualy Select the 3 Point of Saddle
2025-01-20 16:25:53,158 - INFO - Computed initial distance vectors for alignment.
2025-01-20 16:25:53,180 - INFO - Reading and remeshing the Horse scan file
2025-01-20 16:25:58,940 - INFO - Perform Preprocessing of Horse Mesh
2025-01-20 16:26:37,507 - INFO - Compute Number of points of Horse Mesh
2025-01-20 16:26:37,513 - INFO - Perform Remeshing of Horse Mesh by computed number of points automatically
2025-01-20 16:26:43,869 - INFO - Generating mesh from clusters
2025-01-20 16:28:13,347 - INFO - Completed with Remeshing of Horse
2025-01-20 16:28:13,369 - INFO - Perform Manualy Select the 3 Point of Horse
2025-01-20 16:28:23,349 - INFO - Computed initial distance vectors for alignment.
2025-01-20 16:28:23,371 - INFO - Completed with Initial Alignment
2025-01-20 16:28:53,804 - INFO - PERFORM AUTO ALIGNMENT OF SADDLE ON HORSE
2025-01-20 16:29:13,469 - INFO - Logic Implementation to get Auto Alignement
2025-01-20 16:29:13,475 - INFO - Completed with Auto_Alignments
2025-01-20 16:29:13,475 - INFO - Compute Gap Calculation
2025-01-20 16:29:17,340 - INFO - Distance measurement
2025-01-20 16:32:32,897 - INFO - Method 1: Interpolation using Nearest Neighbor
2025-01-20 16:32:40,315 - INFO - Method 2: Interpolation using Linear Interpolation
2025-01-20 16:33:24,486 - INFO - Saving Computed Measurement Data by Two interpolation method
2025-01-20 16:33:24,866 - INFO - CSV File for Nearest Interpolation Created Successfully
2025-01-20 16:33:25,963 - INFO - CSV File for Linear Interpolation Created Successfully
2025-01-20 16:33:25,963 - INFO - Completed with Execution
