2025-01-06 17:45:13,688 - INFO - Execution of Main functions
2025-01-06 17:45:13,702 - WARNING -  * Debugger is active!
2025-01-06 17:45:13,706 - INFO -  * Debugger PIN: 136-427-618
2025-01-06 17:45:13,747 - INFO -  * Detected change in 'C:\\Users\\abhay\\anaconda3\\Lib\\site-packages\\xarray\\coding\\cftimeindex.py', reloading
2025-01-06 17:45:13,759 - INFO -  * Detected change in 'C:\\Users\\abhay\\anaconda3\\Lib\\site-packages\\xarray\\coding\\frequencies.py', reloading
2025-01-06 17:45:13,773 - INFO -  * Detected change in 'C:\\Users\\abhay\\anaconda3\\Lib\\site-packages\\xarray\\conventions.py', reloading
2025-01-06 17:45:13,790 - INFO -  * Detected change in 'C:\\Users\\abhay\\anaconda3\\Lib\\site-packages\\xarray\\coding\\variables.py', reloading
2025-01-06 17:45:13,804 - INFO -  * Detected change in 'C:\\Users\\abhay\\anaconda3\\Lib\\site-packages\\xarray\\core\\alignment.py', reloading
2025-01-06 17:45:13,817 - INFO -  * Detected change in 'C:\\Users\\abhay\\anaconda3\\Lib\\site-packages\\xarray\\core\\combine.py', reloading
2025-01-06 17:45:13,832 - INFO -  * Detected change in 'C:\\Users\\abhay\\anaconda3\\Lib\\site-packages\\xarray\\core\\common.py', reloading
2025-01-06 17:45:13,849 - INFO -  * Detected change in 'C:\\Users\\abhay\\anaconda3\\Lib\\site-packages\\xarray\\core\\computation.py', reloading
2025-01-06 17:45:13,863 - INFO -  * Detected change in 'C:\\Users\\abhay\\anaconda3\\Lib\\site-packages\\xarray\\core\\concat.py', reloading
2025-01-06 17:45:13,883 - INFO -  * Detected change in 'C:\\Users\\abhay\\anaconda3\\Lib\\site-packages\\xarray\\core\\dataarray.py', reloading
2025-01-06 17:45:13,912 - INFO -  * Detected change in 'C:\\Users\\abhay\\anaconda3\\Lib\\site-packages\\xarray\\core\\dataset.py', reloading
2025-01-06 17:45:13,937 - INFO -  * Detected change in 'C:\\Users\\abhay\\anaconda3\\Lib\\site-packages\\xarray\\core\\extensions.py', reloading
2025-01-06 17:45:13,948 - INFO -  * Detected change in 'C:\\Users\\abhay\\anaconda3\\Lib\\site-packages\\xarray\\core\\merge.py', reloading
2025-01-06 17:45:13,960 - INFO -  * Detected change in 'C:\\Users\\abhay\\anaconda3\\Lib\\site-packages\\xarray\\core\\options.py', reloading
2025-01-06 17:45:13,973 - INFO -  * Detected change in 'C:\\Users\\abhay\\anaconda3\\Lib\\site-packages\\xarray\\core\\parallel.py', reloading
2025-01-06 17:45:13,988 - INFO -  * Detected change in 'C:\\Users\\abhay\\anaconda3\\Lib\\site-packages\\xarray\\core\\variable.py', reloading
2025-01-06 17:45:14,003 - INFO -  * Detected change in 'C:\\Users\\abhay\\anaconda3\\Lib\\site-packages\\xarray\\util\\print_versions.py', reloading
2025-01-06 17:45:14,013 - INFO -  * Detected change in 'C:\\Users\\abhay\\anaconda3\\Lib\\site-packages\\xlwings\\__init__.py', reloading
2025-01-06 17:45:14,036 - INFO -  * Detected change in 'C:\\Users\\abhay\\anaconda3\\Lib\\site-packages\\xlwings\\main.py', reloading
2025-01-06 17:45:14,057 - INFO -  * Detected change in 'C:\\Users\\abhay\\anaconda3\\Lib\\site-packages\\xlwings\\utils.py', reloading
2025-01-06 17:45:14,067 - INFO -  * Detected change in 'C:\\Users\\abhay\\anaconda3\\Lib\\site-packages\\xyzservices\\__init__.py', reloading
2025-01-06 17:45:14,078 - INFO -  * Detected change in 'C:\\Users\\abhay\\anaconda3\\Lib\\site-packages\\yapf\\__init__.py', reloading
2025-01-06 17:45:14,085 - INFO -  * Detected change in 'C:\\Users\\abhay\\anaconda3\\Lib\\site-packages\\yapftests\\__init__.py', reloading
2025-01-06 17:45:14,091 - INFO -  * Detected change in 'C:\\Users\\abhay\\anaconda3\\Lib\\site-packages\\yarl\\__init__.py', reloading
2025-01-06 17:45:14,104 - INFO -  * Detected change in 'C:\\Users\\abhay\\anaconda3\\Lib\\site-packages\\yarl\\_url.py', reloading
2025-01-06 17:45:14,117 - INFO -  * Detected change in 'C:\\Users\\abhay\\anaconda3\\Lib\\site-packages\\zict\\__init__.py', reloading
2025-01-06 17:45:14,131 - INFO -  * Detected change in 'C:\\Users\\abhay\\anaconda3\\Lib\\site-packages\\zict\\async_buffer.py', reloading
2025-01-06 17:45:14,143 - INFO -  * Detected change in 'C:\\Users\\abhay\\anaconda3\\Lib\\site-packages\\zict\\buffer.py', reloading
2025-01-06 17:45:14,154 - INFO -  * Detected change in 'C:\\Users\\abhay\\anaconda3\\Lib\\site-packages\\zict\\cache.py', reloading
2025-01-06 17:45:14,168 - INFO -  * Detected change in 'C:\\Users\\abhay\\anaconda3\\Lib\\site-packages\\zict\\file.py', reloading
2025-01-06 17:45:14,182 - INFO -  * Detected change in 'C:\\Users\\abhay\\anaconda3\\Lib\\site-packages\\zict\\func.py', reloading
2025-01-06 17:45:14,194 - INFO -  * Detected change in 'C:\\Users\\abhay\\anaconda3\\Lib\\site-packages\\zict\\lmdb.py', reloading
2025-01-06 17:45:14,207 - INFO -  * Detected change in 'C:\\Users\\abhay\\anaconda3\\Lib\\site-packages\\zict\\lru.py', reloading
2025-01-06 17:45:14,221 - INFO -  * Detected change in 'C:\\Users\\abhay\\anaconda3\\Lib\\site-packages\\zict\\sieve.py', reloading
2025-01-06 17:45:14,230 - INFO -  * Detected change in 'C:\\Users\\abhay\\anaconda3\\Lib\\site-packages\\zict\\utils.py', reloading
2025-01-06 17:45:14,241 - INFO -  * Detected change in 'C:\\Users\\abhay\\anaconda3\\Lib\\site-packages\\zict\\zip.py', reloading
2025-01-06 17:45:14,252 - INFO -  * Detected change in 'C:\\Users\\abhay\\anaconda3\\Lib\\site-packages\\zipp\\__init__.py', reloading
2025-01-06 17:45:14,275 - INFO -  * Detected change in 'C:\\Users\\abhay\\anaconda3\\Lib\\site-packages\\zmq\\constants.py', reloading
2025-01-06 17:45:14,291 - INFO -  * Detected change in 'C:\\Users\\abhay\\anaconda3\\Lib\\site-packages\\zmq\\error.py', reloading
2025-01-06 17:45:14,310 - INFO -  * Detected change in 'C:\\Users\\abhay\\anaconda3\\Lib\\site-packages\\zmq\\sugar\\context.py', reloading
2025-01-06 17:45:14,322 - INFO -  * Detected change in 'C:\\Users\\abhay\\anaconda3\\Lib\\site-packages\\zmq\\sugar\\frame.py', reloading
2025-01-06 17:45:14,334 - INFO -  * Detected change in 'C:\\Users\\abhay\\anaconda3\\Lib\\site-packages\\zmq\\sugar\\poll.py', reloading
2025-01-06 17:45:14,344 - INFO -  * Detected change in 'C:\\Users\\abhay\\anaconda3\\Lib\\site-packages\\zmq\\sugar\\socket.py', reloading
2025-01-06 17:45:14,357 - INFO -  * Detected change in 'C:\\Users\\abhay\\anaconda3\\Lib\\site-packages\\zmq\\sugar\\tracker.py', reloading
2025-01-06 17:45:14,369 - INFO -  * Detected change in 'C:\\Users\\abhay\\anaconda3\\Lib\\site-packages\\zmq\\sugar\\version.py', reloading
2025-01-06 17:45:14,386 - INFO -  * Detected change in 'C:\\Users\\abhay\\anaconda3\\Lib\\site-packages\\zope\\__init__.py', reloading
2025-01-06 17:45:14,417 - INFO -  * Detected change in 'C:\\Users\\abhay\\anaconda3\\Lib\\site-packages\\pythonwin\\pywin\\__init__.py', reloading
